<?xml version="1.0" encoding="UTF-8"?>
<testsuite xmlns:xsi="http://www.w3.org/2001/XMLSchema-instance" xsi:schemaLocation="https://maven.apache.org/surefire/maven-surefire-plugin/xsd/surefire-test-report.xsd" name="TestSuite" time="613.964" tests="6" errors="0" skipped="5" failures="1">
  <properties>
    <property name="java.vendor" value="Oracle Corporation"/>
    <property name="JOB_NAME" value="MavenBuild"/>
    <property name="RUN_TESTS_DISPLAY_URL" value="http://localhost:8080/job/MavenBuild/3/display/redirect?page=tests"/>
    <property name="sun.java.launcher" value="SUN_STANDARD"/>
    <property name="NUMBER_OF_PROCESSORS" value="4"/>
    <property name="sun.management.compiler" value="HotSpot 64-Bit Tiered Compilers"/>
    <property name="JENKINS_HOME" value="C:\WINDOWS\system32\config\systemprofile\AppData\Local\Jenkins\.jenkins"/>
    <property name="HUDSON_SERVER_COOKIE" value="0d3b048a8e3cdeab"/>
    <property name="SynaProgDir" value="Synaptics\SynTP"/>
    <property name="os.name" value="Windows 10"/>
    <property name="sun.boot.class.path" value="C:\Program Files\Java\jdk1.8.0_201\jre\lib\resources.jar;C:\Program Files\Java\jdk1.8.0_201\jre\lib\rt.jar;C:\Program Files\Java\jdk1.8.0_201\jre\lib\sunrsasign.jar;C:\Program Files\Java\jdk1.8.0_201\jre\lib\jsse.jar;C:\Program Files\Java\jdk1.8.0_201\jre\lib\jce.jar;C:\Program Files\Java\jdk1.8.0_201\jre\lib\charsets.jar;C:\Program Files\Java\jdk1.8.0_201\jre\lib\jfr.jar;C:\Program Files\Java\jdk1.8.0_201\jre\classes"/>
    <property name="EXECUTOR_NUMBER" value="1"/>
    <property name="sun.desktop" value="windows"/>
    <property name="PATHEXT" value=".COM;.EXE;.BAT;.CMD;.VBS;.VBE;.JS;.JSE;.WSF;.WSH;.MSC;.PY;.PYW"/>
    <property name="java.vm.specification.vendor" value="Oracle Corporation"/>
    <property name="NODE_LABELS" value="master"/>
    <property name="TEMP" value="C:\WINDOWS\TEMP"/>
    <property name="java.runtime.version" value="1.8.0_201-b09"/>
    <property name="WINSW_SERVICE_ID" value="jenkins"/>
    <property name="user.name" value="DESKTOP-GOGGDHJ$"/>
    <property name="guice.disable.misplaced.annotation.check" value="true"/>
    <property name="CommonProgramW6432" value="C:\Program Files\Common Files"/>
    <property name="ProgramFiles" value="C:\Program Files"/>
    <property name="user.language" value="en"/>
    <property name="JOB_BASE_NAME" value="MavenBuild"/>
    <property name="RUN_CHANGES_DISPLAY_URL" value="http://localhost:8080/job/MavenBuild/3/display/redirect?page=changes"/>
    <property name="BUILD_DISPLAY_NAME" value="#3"/>
    <property name="sun.boot.library.path" value="C:\Program Files\Java\jdk1.8.0_201\jre\bin"/>
    <property name="LOCALAPPDATA" value="C:\WINDOWS\system32\config\systemprofile\AppData\Local"/>
    <property name="java.version" value="1.8.0_201"/>
    <property name="PROCESSOR_LEVEL" value="6"/>
    <property name="user.timezone" value="Asia/Calcutta"/>
    <property name="USERNAME" value="DESKTOP-GOGGDHJ$"/>
    <property name="sun.arch.data.model" value="64"/>
    <property name="NODE_NAME" value="master"/>
    <property name="java.endorsed.dirs" value="C:\Program Files\Java\jdk1.8.0_201\jre\lib\endorsed"/>
    <property name="BUILD_ID" value="3"/>
    <property name="sun.cpu.isalist" value="amd64"/>
    <property name="sun.jnu.encoding" value="Cp1252"/>
    <property name="file.encoding.pkg" value="sun.io"/>
    <property name="file.separator" value="\"/>
    <property name="java.specification.name" value="Java Platform API Specification"/>
    <property name="maven.conf" value="C:\Program Files\apache-maven-3.6.3-bin\apache-maven-3.6.3\conf"/>
    <property name="java.class.version" value="52.0"/>
    <property name="org.slf4j.simpleLogger.defaultLogLevel" value="info"/>
    <property name="user.country" value="US"/>
    <property name="ALLUSERSPROFILE" value="C:\ProgramData"/>
    <property name="java.home" value="C:\Program Files\Java\jdk1.8.0_201\jre"/>
    <property name="java.vm.info" value="mixed mode"/>
    <property name="os.version" value="10.0"/>
    <property name="RUN_DISPLAY_URL" value="http://localhost:8080/job/MavenBuild/3/display/redirect"/>
    <property name="TMP" value="C:\WINDOWS\TEMP"/>
    <property name="RUN_ARTIFACTS_DISPLAY_URL" value="http://localhost:8080/job/MavenBuild/3/display/redirect?page=artifacts"/>
    <property name="path.separator" value=";"/>
    <property name="java.vm.version" value="25.201-b09"/>
    <property name="user.variant" value=""/>
    <property name="JOB_DISPLAY_URL" value="http://localhost:8080/job/MavenBuild/display/redirect"/>
    <property name="CommonProgramFiles(x86)" value="C:\Program Files (x86)\Common Files"/>
    <property name="java.awt.printerjob" value="sun.awt.windows.WPrinterJob"/>
    <property name="JAVA_HOME" value="C:\Program Files\Java\jdk1.8.0_201"/>
    <property name="sun.io.unicode.encoding" value="UnicodeLittle"/>
    <property name="CommonProgramFiles" value="C:\Program Files\Common Files"/>
    <property name="ComSpec" value="C:\WINDOWS\system32\cmd.exe"/>
    <property name="awt.toolkit" value="sun.awt.windows.WToolkit"/>
    <property name="SERVICE_ID" value="jenkins"/>
    <property name="COMPUTERNAME" value="DESKTOP-GOGGDHJ"/>
    <property name="user.script" value=""/>
    <property name="PUBLIC" value="C:\Users\Public"/>
    <property name="user.home" value="C:\WINDOWS\system32\config\systemprofile"/>
    <property name="BUILD_TAG" value="jenkins-MavenBuild-3"/>
    <property name="JENKINS_SERVER_COOKIE" value="0d3b048a8e3cdeab"/>
    <property name="HUDSON_URL" value="http://localhost:8080/"/>
    <property name="ProgramData" value="C:\ProgramData"/>
    <property name="java.specification.vendor" value="Oracle Corporation"/>
    <property name="USERPROFILE" value="C:\WINDOWS\system32\config\systemprofile"/>
    <property name="CLASSPATH" value=""/>
    <property name="java.vendor.url" value="http://java.oracle.com/"/>
    <property name="java.library.path" value="C:\Program Files\Java\jdk1.8.0_201\bin;C:\WINDOWS\Sun\Java\bin;C:\WINDOWS\system32;C:\WINDOWS;C:\Program Files\apache-maven-3.6.3-bin\apache-maven-3.6.3\/bin;C:\Program Files\Java\jdk1.8.0_201/bin;C:\Program Files\Java\jdk1.8.0_201/bin;C:\oraclexe\app\oracle\product\10.2.0\server\bin;G:\app\Karan\product\11.2.0\dbhome_1\bin;E:\Python38\Scripts\;E:\Python38\;C:\Program Files (x86)\Common Files\Oracle\Java\javapath;C:\WINDOWS\system32;C:\WINDOWS;C:\WINDOWS\System32\Wbem;C:\WINDOWS\System32\WindowsPowerShell\v1.0\;C:\WINDOWS\System32\OpenSSH\;C:\Program Files\Microsoft VS Code\bin;C:\Program Files\Git\cmd;C:\Program Files (x86)\NVIDIA Corporation\PhysX\Common;C:\WINDOWS\system32;C:\WINDOWS;C:\WINDOWS\System32\Wbem;C:\WINDOWS\System32\WindowsPowerShell\v1.0\;C:\WINDOWS\System32\OpenSSH\;C:\Program Files\Java\jdk1.8.0_201;C:\Program Files\apache-maven-3.6.3-bin\apache-maven-3.6.3\bin;C:\Program Files (x86)\Calibre2\;C:\Program Files\nodejs\;C:\MinGW\bin;F:\Mysql\bin;C:\WINDOWS\system32\config\systemprofile\AppData\Local\Microsoft\WindowsApps;."/>
    <property name="java.vm.vendor" value="Oracle Corporation"/>
    <property name="APPDATA" value="C:\WINDOWS\system32\config\systemprofile\AppData\Roaming"/>
    <property name="java.runtime.name" value="Java(TM) SE Runtime Environment"/>
    <property name="maven.home" value="C:\Program Files\apache-maven-3.6.3-bin\apache-maven-3.6.3"/>
    <property name="java.class.path" value="C:\WINDOWS\system32\config\systemprofile\AppData\Local\Jenkins\.jenkins\plugins\maven-plugin\WEB-INF\lib\maven35-agent-1.13.jar;C:\Program Files\apache-maven-3.6.3-bin\apache-maven-3.6.3\boot\plexus-classworlds-2.6.0.jar;C:\Program Files\apache-maven-3.6.3-bin\apache-maven-3.6.3/conf/logging"/>
    <property name="sun.java.command" value="jenkins.maven3.agent.Maven35Main C:\Program Files\apache-maven-3.6.3-bin\apache-maven-3.6.3\ C:\Windows\System32\config\systemprofile\AppData\Local\Jenkins\war\WEB-INF\lib\remoting-4.5.jar C:\WINDOWS\system32\config\systemprofile\AppData\Local\Jenkins\.jenkins\plugins\maven-plugin\WEB-INF\lib\maven35-interceptor-1.13.jar C:\WINDOWS\system32\config\systemprofile\AppData\Local\Jenkins\.jenkins\plugins\maven-plugin\WEB-INF\lib\maven3-interceptor-commons-1.13.jar 51373"/>
    <property name="Path" value="C:\Program Files\Java\jdk1.8.0_201/bin;C:\oraclexe\app\oracle\product\10.2.0\server\bin;G:\app\Karan\product\11.2.0\dbhome_1\bin;E:\Python38\Scripts\;E:\Python38\;C:\Program Files (x86)\Common Files\Oracle\Java\javapath;C:\WINDOWS\system32;C:\WINDOWS;C:\WINDOWS\System32\Wbem;C:\WINDOWS\System32\WindowsPowerShell\v1.0\;C:\WINDOWS\System32\OpenSSH\;C:\Program Files\Microsoft VS Code\bin;C:\Program Files\Git\cmd;C:\Program Files (x86)\NVIDIA Corporation\PhysX\Common;C:\WINDOWS\system32;C:\WINDOWS;C:\WINDOWS\System32\Wbem;C:\WINDOWS\System32\WindowsPowerShell\v1.0\;C:\WINDOWS\System32\OpenSSH\;C:\Program Files\Java\jdk1.8.0_201;C:\Program Files\apache-maven-3.6.3-bin\apache-maven-3.6.3\bin;C:\Program Files (x86)\Calibre2\;C:\Program Files\nodejs\;C:\MinGW\bin;F:\Mysql\bin;C:\WINDOWS\system32\config\systemprofile\AppData\Local\Microsoft\WindowsApps"/>
    <property name="java.vm.specification.name" value="Java Virtual Machine Specification"/>
    <property name="PROCESSOR_ARCHITECTURE" value="AMD64"/>
    <property name="PATH+JDK" value="C:\Program Files\Java\jdk1.8.0_201/bin"/>
    <property name="PROCESSOR_IDENTIFIER" value="Intel64 Family 6 Model 61 Stepping 4, GenuineIntel"/>
    <property name="java.vm.specification.version" value="1.8"/>
    <property name="sun.os.patch.level" value=""/>
    <property name="sun.cpu.endian" value="little"/>
    <property name="M2_HOME" value="C:\Program Files\apache-maven-3.6.3-bin\apache-maven-3.6.3\"/>
    <property name="java.io.tmpdir" value="C:\WINDOWS\TEMP\"/>
    <property name="OS" value="Windows_NT"/>
    <property name="HUDSON_HOME" value="C:\WINDOWS\system32\config\systemprofile\AppData\Local\Jenkins\.jenkins"/>
    <property name="PATH+MAVEN" value="C:\Program Files\apache-maven-3.6.3-bin\apache-maven-3.6.3\/bin"/>
    <property name="ProgramFiles(x86)" value="C:\Program Files (x86)"/>
    <property name="BUILD_URL" value="http://localhost:8080/job/MavenBuild/3/"/>
    <property name="java.vendor.url.bug" value="http://bugreport.sun.com/bugreport/"/>
    <property name="java.awt.graphicsenv" value="sun.awt.Win32GraphicsEnvironment"/>
    <property name="os.arch" value="amd64"/>
    <property name="SystemRoot" value="C:\WINDOWS"/>
    <property name="java.ext.dirs" value="C:\Program Files\Java\jdk1.8.0_201\jre\lib\ext;C:\WINDOWS\Sun\Java\lib\ext"/>
    <property name="user.dir" value="F:\Development\Selenium\SeleDataDriven"/>
    <property name="JOB_URL" value="http://localhost:8080/job/MavenBuild/"/>
    <property name="USERDOMAIN" value="WORKGROUP"/>
    <property name="line.separator" value="&#10;"/>
    <property name="MAVEN_HOME" value="C:\Program Files\apache-maven-3.6.3-bin\apache-maven-3.6.3\"/>
    <property name="java.vm.name" value="Java HotSpot(TM) 64-Bit Server VM"/>
    <property name="BUILD_NUMBER" value="3"/>
    <property name="BASE" value="C:\Program Files\Jenkins"/>
    <property name="JENKINS_URL" value="http://localhost:8080/"/>
    <property name="PROCESSOR_REVISION" value="3d04"/>
    <property name="ProgramW6432" value="C:\Program Files"/>
    <property name="windir" value="C:\WINDOWS"/>
    <property name="file.encoding" value="Cp1252"/>
    <property name="SystemDrive" value="C:"/>
    <property name="maven3.interceptor" value="C:\WINDOWS\system32\config\systemprofile\AppData\Local\Jenkins\.jenkins\plugins\maven-plugin\WEB-INF\lib\maven35-interceptor-1.13.jar"/>
    <property name="WORKSPACE_TMP" value="C:\WINDOWS\system32\config\systemprofile\AppData\Local\Jenkins\.jenkins\workspace\MavenBuild@tmp"/>
    <property name="WORKSPACE" value="C:\WINDOWS\system32\config\systemprofile\AppData\Local\Jenkins\.jenkins\workspace\MavenBuild"/>
    <property name="maven3.interceptor.common" value="C:\WINDOWS\system32\config\systemprofile\AppData\Local\Jenkins\.jenkins\plugins\maven-plugin\WEB-INF\lib\maven3-interceptor-commons-1.13.jar"/>
    <property name="WINSW_EXECUTABLE" value="C:\Program Files\Jenkins\jenkins.exe"/>
    <property name="java.specification.version" value="1.8"/>
    <property name="PSModulePath" value="C:\WINDOWS\system32\WindowsPowerShell\v1.0\Modules\"/>
    <property name="DriverData" value="C:\Windows\System32\Drivers\DriverData"/>
  </properties>
  <testcase name="setUp" classname="com.hawk895.testcases.AddCustomer" time="612.914">
    <failure message="session not created&#10;from timeout: Timed out receiving message from renderer: 600.000&#10;  (Session info: chrome=86.0.4240.193)&#10;Build info: version: &apos;3.141.59&apos;, revision: &apos;e82be7d358&apos;, time: &apos;2018-11-14T08:17:03&apos;&#10;System info: host: &apos;DESKTOP-GOGGDHJ&apos;, ip: &apos;192.168.0.102&apos;, os.name: &apos;Windows 10&apos;, os.arch: &apos;amd64&apos;, os.version: &apos;10.0&apos;, java.version: &apos;1.8.0_201&apos;&#10;Driver info: driver.version: ChromeDriver&#10;remote stacktrace: Backtrace:&#10;	Ordinal0 [0x00AEC013+3194899]&#10;	Ordinal0 [0x009D6021+2056225]&#10;	Ordinal0 [0x0086F608+587272]&#10;	Ordinal0 [0x008636EC+538348]&#10;	Ordinal0 [0x00862A6F+535151]&#10;	Ordinal0 [0x00862E45+536133]&#10;	Ordinal0 [0x008627A5+534437]&#10;	Ordinal0 [0x0086BBC9+572361]&#10;	Ordinal0 [0x00862754+534356]&#10;	Ordinal0 [0x00863475+537717]&#10;	Ordinal0 [0x00862A6F+535151]&#10;	Ordinal0 [0x00862E45+536133]&#10;	Ordinal0 [0x008627A5+534437]&#10;	Ordinal0 [0x00869EFE+564990]&#10;	Ordinal0 [0x00862754+534356]&#10;	Ordinal0 [0x00863475+537717]&#10;	Ordinal0 [0x00862A6F+535151]&#10;	Ordinal0 [0x00862E45+536133]&#10;	Ordinal0 [0x008627A5+534437]&#10;	Ordinal0 [0x00868186+557446]&#10;	Ordinal0 [0x00862754+534356]&#10;	Ordinal0 [0x00863475+537717]&#10;	Ordinal0 [0x00862A6F+535151]&#10;	Ordinal0 [0x00862E45+536133]&#10;	Ordinal0 [0x008627A5+534437]&#10;	Ordinal0 [0x008674A7+554151]&#10;	Ordinal0 [0x00862754+534356]&#10;	Ordinal0 [0x00863475+537717]&#10;	Ordinal0 [0x00862A6F+535151]&#10;	Ordinal0 [0x00862E45+536133]&#10;	Ordinal0 [0x008627A5+534437]&#10;	Ordinal0 [0x0085F06C+520300]&#10;	Ordinal0 [0x00862754+534356]&#10;	Ordinal0 [0x008625BF+533951]&#10;	Ordinal0 [0x008623D3+533459]&#10;	Ordinal0 [0x00870620+591392]&#10;	Ordinal0 [0x00812A0C+207372]&#10;	Ordinal0 [0x00811D0D+204045]&#10;	Ordinal0 [0x0080FC1B+195611]&#10;	Ordinal0 [0x007F3B7F+80767]&#10;	Ordinal0 [0x007F4B4E+84814]&#10;	Ordinal0 [0x007F4AD9+84697]&#10;	Ordinal0 [0x009ECE64+2149988]&#10;	GetHandleVerifier [0x00C5BE95+1400773]&#10;	GetHandleVerifier [0x00C5BB61+1399953]&#10;	GetHandleVerifier [0x00C631FA+1430314]&#10;	GetHandleVerifier [0x00C5C69F+1402831]&#10;	Ordinal0 [0x009E3D61+2112865]&#10;	Ordinal0 [0x009EE5CB+2155979]&#10;	Ordinal0 [0x009EE6F5+2156277]&#10;	Ordinal0 [0x009FF26E+2224750]&#10;	BaseThreadInitThunk [0x74FD6359+25]&#10;	RtlGetAppContainerNamedObjectPath [0x76F47C24+228]&#10;	RtlGetAppContainerNamedObjectPath [0x76F47BF4+180]&#10;" type="org.openqa.selenium.SessionNotCreatedException">org.openqa.selenium.SessionNotCreatedException: 
session not created
from timeout: Timed out receiving message from renderer: 600.000
  (Session info: chrome=86.0.4240.193)
Build info: version: '3.141.59', revision: 'e82be7d358', time: '2018-11-14T08:17:03'
System info: host: 'DESKTOP-GOGGDHJ', ip: '192.168.0.102', os.name: 'Windows 10', os.arch: 'amd64', os.version: '10.0', java.version: '1.8.0_201'
Driver info: driver.version: ChromeDriver
remote stacktrace: Backtrace:
	Ordinal0 [0x00AEC013+3194899]
	Ordinal0 [0x009D6021+2056225]
	Ordinal0 [0x0086F608+587272]
	Ordinal0 [0x008636EC+538348]
	Ordinal0 [0x00862A6F+535151]
	Ordinal0 [0x00862E45+536133]
	Ordinal0 [0x008627A5+534437]
	Ordinal0 [0x0086BBC9+572361]
	Ordinal0 [0x00862754+534356]
	Ordinal0 [0x00863475+537717]
	Ordinal0 [0x00862A6F+535151]
	Ordinal0 [0x00862E45+536133]
	Ordinal0 [0x008627A5+534437]
	Ordinal0 [0x00869EFE+564990]
	Ordinal0 [0x00862754+534356]
	Ordinal0 [0x00863475+537717]
	Ordinal0 [0x00862A6F+535151]
	Ordinal0 [0x00862E45+536133]
	Ordinal0 [0x008627A5+534437]
	Ordinal0 [0x00868186+557446]
	Ordinal0 [0x00862754+534356]
	Ordinal0 [0x00863475+537717]
	Ordinal0 [0x00862A6F+535151]
	Ordinal0 [0x00862E45+536133]
	Ordinal0 [0x008627A5+534437]
	Ordinal0 [0x008674A7+554151]
	Ordinal0 [0x00862754+534356]
	Ordinal0 [0x00863475+537717]
	Ordinal0 [0x00862A6F+535151]
	Ordinal0 [0x00862E45+536133]
	Ordinal0 [0x008627A5+534437]
	Ordinal0 [0x0085F06C+520300]
	Ordinal0 [0x00862754+534356]
	Ordinal0 [0x008625BF+533951]
	Ordinal0 [0x008623D3+533459]
	Ordinal0 [0x00870620+591392]
	Ordinal0 [0x00812A0C+207372]
	Ordinal0 [0x00811D0D+204045]
	Ordinal0 [0x0080FC1B+195611]
	Ordinal0 [0x007F3B7F+80767]
	Ordinal0 [0x007F4B4E+84814]
	Ordinal0 [0x007F4AD9+84697]
	Ordinal0 [0x009ECE64+2149988]
	GetHandleVerifier [0x00C5BE95+1400773]
	GetHandleVerifier [0x00C5BB61+1399953]
	GetHandleVerifier [0x00C631FA+1430314]
	GetHandleVerifier [0x00C5C69F+1402831]
	Ordinal0 [0x009E3D61+2112865]
	Ordinal0 [0x009EE5CB+2155979]
	Ordinal0 [0x009EE6F5+2156277]
	Ordinal0 [0x009FF26E+2224750]
	BaseThreadInitThunk [0x74FD6359+25]
	RtlGetAppContainerNamedObjectPath [0x76F47C24+228]
	RtlGetAppContainerNamedObjectPath [0x76F47BF4+180]

</failure>
    <system-out><![CDATA[[TestNGContentHandler] [WARN] It is strongly recommended to add "<!DOCTYPE suite SYSTEM "https://testng.org/testng-1.0.dtd" >" at the top of your file, otherwise TestNG may fail or not work as expected.
Config file loaded
OR file loaded
]]></system-out>
    <system-err><![CDATA[Starting ChromeDriver 86.0.4240.22 (398b0743353ff36fb1b82468f63a3a93b4e2e89e-refs/branch-heads/4240@{#378}) on port 3815
Only local connections are allowed.
Please see https://chromedriver.chromium.org/security-considerations for suggestions on keeping ChromeDriver safe.
ChromeDriver was started successfully.
[1605550800.096][SEVERE]: Timed out receiving message from renderer: 600.000
]]></system-err>
  </testcase>
  <testcase name="LoginAsBm" classname="com.hawk895.testcases.LoginTest" time="0">
    <skipped message="session not created&#10;from timeout: Timed out receiving message from renderer: 600.000&#10;  (Session info: chrome=86.0.4240.193)&#10;Build info: version: &apos;3.141.59&apos;, revision: &apos;e82be7d358&apos;, time: &apos;2018-11-14T08:17:03&apos;&#10;System info: host: &apos;DESKTOP-GOGGDHJ&apos;, ip: &apos;192.168.0.102&apos;, os.name: &apos;Windows 10&apos;, os.arch: &apos;amd64&apos;, os.version: &apos;10.0&apos;, java.version: &apos;1.8.0_201&apos;&#10;Driver info: driver.version: ChromeDriver&#10;remote stacktrace: Backtrace:&#10;	Ordinal0 [0x00AEC013+3194899]&#10;	Ordinal0 [0x009D6021+2056225]&#10;	Ordinal0 [0x0086F608+587272]&#10;	Ordinal0 [0x008636EC+538348]&#10;	Ordinal0 [0x00862A6F+535151]&#10;	Ordinal0 [0x00862E45+536133]&#10;	Ordinal0 [0x008627A5+534437]&#10;	Ordinal0 [0x0086BBC9+572361]&#10;	Ordinal0 [0x00862754+534356]&#10;	Ordinal0 [0x00863475+537717]&#10;	Ordinal0 [0x00862A6F+535151]&#10;	Ordinal0 [0x00862E45+536133]&#10;	Ordinal0 [0x008627A5+534437]&#10;	Ordinal0 [0x00869EFE+564990]&#10;	Ordinal0 [0x00862754+534356]&#10;	Ordinal0 [0x00863475+537717]&#10;	Ordinal0 [0x00862A6F+535151]&#10;	Ordinal0 [0x00862E45+536133]&#10;	Ordinal0 [0x008627A5+534437]&#10;	Ordinal0 [0x00868186+557446]&#10;	Ordinal0 [0x00862754+534356]&#10;	Ordinal0 [0x00863475+537717]&#10;	Ordinal0 [0x00862A6F+535151]&#10;	Ordinal0 [0x00862E45+536133]&#10;	Ordinal0 [0x008627A5+534437]&#10;	Ordinal0 [0x008674A7+554151]&#10;	Ordinal0 [0x00862754+534356]&#10;	Ordinal0 [0x00863475+537717]&#10;	Ordinal0 [0x00862A6F+535151]&#10;	Ordinal0 [0x00862E45+536133]&#10;	Ordinal0 [0x008627A5+534437]&#10;	Ordinal0 [0x0085F06C+520300]&#10;	Ordinal0 [0x00862754+534356]&#10;	Ordinal0 [0x008625BF+533951]&#10;	Ordinal0 [0x008623D3+533459]&#10;	Ordinal0 [0x00870620+591392]&#10;	Ordinal0 [0x00812A0C+207372]&#10;	Ordinal0 [0x00811D0D+204045]&#10;	Ordinal0 [0x0080FC1B+195611]&#10;	Ordinal0 [0x007F3B7F+80767]&#10;	Ordinal0 [0x007F4B4E+84814]&#10;	Ordinal0 [0x007F4AD9+84697]&#10;	Ordinal0 [0x009ECE64+2149988]&#10;	GetHandleVerifier [0x00C5BE95+1400773]&#10;	GetHandleVerifier [0x00C5BB61+1399953]&#10;	GetHandleVerifier [0x00C631FA+1430314]&#10;	GetHandleVerifier [0x00C5C69F+1402831]&#10;	Ordinal0 [0x009E3D61+2112865]&#10;	Ordinal0 [0x009EE5CB+2155979]&#10;	Ordinal0 [0x009EE6F5+2156277]&#10;	Ordinal0 [0x009FF26E+2224750]&#10;	BaseThreadInitThunk [0x74FD6359+25]&#10;	RtlGetAppContainerNamedObjectPath [0x76F47C24+228]&#10;	RtlGetAppContainerNamedObjectPath [0x76F47BF4+180]&#10;"/>
  </testcase>
  <testcase name="addCust" classname="com.hawk895.testcases.AddCustomer" time="0">
    <skipped message="session not created&#10;from timeout: Timed out receiving message from renderer: 600.000&#10;  (Session info: chrome=86.0.4240.193)&#10;Build info: version: &apos;3.141.59&apos;, revision: &apos;e82be7d358&apos;, time: &apos;2018-11-14T08:17:03&apos;&#10;System info: host: &apos;DESKTOP-GOGGDHJ&apos;, ip: &apos;192.168.0.102&apos;, os.name: &apos;Windows 10&apos;, os.arch: &apos;amd64&apos;, os.version: &apos;10.0&apos;, java.version: &apos;1.8.0_201&apos;&#10;Driver info: driver.version: ChromeDriver&#10;remote stacktrace: Backtrace:&#10;	Ordinal0 [0x00AEC013+3194899]&#10;	Ordinal0 [0x009D6021+2056225]&#10;	Ordinal0 [0x0086F608+587272]&#10;	Ordinal0 [0x008636EC+538348]&#10;	Ordinal0 [0x00862A6F+535151]&#10;	Ordinal0 [0x00862E45+536133]&#10;	Ordinal0 [0x008627A5+534437]&#10;	Ordinal0 [0x0086BBC9+572361]&#10;	Ordinal0 [0x00862754+534356]&#10;	Ordinal0 [0x00863475+537717]&#10;	Ordinal0 [0x00862A6F+535151]&#10;	Ordinal0 [0x00862E45+536133]&#10;	Ordinal0 [0x008627A5+534437]&#10;	Ordinal0 [0x00869EFE+564990]&#10;	Ordinal0 [0x00862754+534356]&#10;	Ordinal0 [0x00863475+537717]&#10;	Ordinal0 [0x00862A6F+535151]&#10;	Ordinal0 [0x00862E45+536133]&#10;	Ordinal0 [0x008627A5+534437]&#10;	Ordinal0 [0x00868186+557446]&#10;	Ordinal0 [0x00862754+534356]&#10;	Ordinal0 [0x00863475+537717]&#10;	Ordinal0 [0x00862A6F+535151]&#10;	Ordinal0 [0x00862E45+536133]&#10;	Ordinal0 [0x008627A5+534437]&#10;	Ordinal0 [0x008674A7+554151]&#10;	Ordinal0 [0x00862754+534356]&#10;	Ordinal0 [0x00863475+537717]&#10;	Ordinal0 [0x00862A6F+535151]&#10;	Ordinal0 [0x00862E45+536133]&#10;	Ordinal0 [0x008627A5+534437]&#10;	Ordinal0 [0x0085F06C+520300]&#10;	Ordinal0 [0x00862754+534356]&#10;	Ordinal0 [0x008625BF+533951]&#10;	Ordinal0 [0x008623D3+533459]&#10;	Ordinal0 [0x00870620+591392]&#10;	Ordinal0 [0x00812A0C+207372]&#10;	Ordinal0 [0x00811D0D+204045]&#10;	Ordinal0 [0x0080FC1B+195611]&#10;	Ordinal0 [0x007F3B7F+80767]&#10;	Ordinal0 [0x007F4B4E+84814]&#10;	Ordinal0 [0x007F4AD9+84697]&#10;	Ordinal0 [0x009ECE64+2149988]&#10;	GetHandleVerifier [0x00C5BE95+1400773]&#10;	GetHandleVerifier [0x00C5BB61+1399953]&#10;	GetHandleVerifier [0x00C631FA+1430314]&#10;	GetHandleVerifier [0x00C5C69F+1402831]&#10;	Ordinal0 [0x009E3D61+2112865]&#10;	Ordinal0 [0x009EE5CB+2155979]&#10;	Ordinal0 [0x009EE6F5+2156277]&#10;	Ordinal0 [0x009FF26E+2224750]&#10;	BaseThreadInitThunk [0x74FD6359+25]&#10;	RtlGetAppContainerNamedObjectPath [0x76F47C24+228]&#10;	RtlGetAppContainerNamedObjectPath [0x76F47BF4+180]&#10;"/>
  </testcase>
  <testcase name="addCust" classname="com.hawk895.testcases.AddCustomer" time="0">
    <skipped message="session not created&#10;from timeout: Timed out receiving message from renderer: 600.000&#10;  (Session info: chrome=86.0.4240.193)&#10;Build info: version: &apos;3.141.59&apos;, revision: &apos;e82be7d358&apos;, time: &apos;2018-11-14T08:17:03&apos;&#10;System info: host: &apos;DESKTOP-GOGGDHJ&apos;, ip: &apos;192.168.0.102&apos;, os.name: &apos;Windows 10&apos;, os.arch: &apos;amd64&apos;, os.version: &apos;10.0&apos;, java.version: &apos;1.8.0_201&apos;&#10;Driver info: driver.version: ChromeDriver&#10;remote stacktrace: Backtrace:&#10;	Ordinal0 [0x00AEC013+3194899]&#10;	Ordinal0 [0x009D6021+2056225]&#10;	Ordinal0 [0x0086F608+587272]&#10;	Ordinal0 [0x008636EC+538348]&#10;	Ordinal0 [0x00862A6F+535151]&#10;	Ordinal0 [0x00862E45+536133]&#10;	Ordinal0 [0x008627A5+534437]&#10;	Ordinal0 [0x0086BBC9+572361]&#10;	Ordinal0 [0x00862754+534356]&#10;	Ordinal0 [0x00863475+537717]&#10;	Ordinal0 [0x00862A6F+535151]&#10;	Ordinal0 [0x00862E45+536133]&#10;	Ordinal0 [0x008627A5+534437]&#10;	Ordinal0 [0x00869EFE+564990]&#10;	Ordinal0 [0x00862754+534356]&#10;	Ordinal0 [0x00863475+537717]&#10;	Ordinal0 [0x00862A6F+535151]&#10;	Ordinal0 [0x00862E45+536133]&#10;	Ordinal0 [0x008627A5+534437]&#10;	Ordinal0 [0x00868186+557446]&#10;	Ordinal0 [0x00862754+534356]&#10;	Ordinal0 [0x00863475+537717]&#10;	Ordinal0 [0x00862A6F+535151]&#10;	Ordinal0 [0x00862E45+536133]&#10;	Ordinal0 [0x008627A5+534437]&#10;	Ordinal0 [0x008674A7+554151]&#10;	Ordinal0 [0x00862754+534356]&#10;	Ordinal0 [0x00863475+537717]&#10;	Ordinal0 [0x00862A6F+535151]&#10;	Ordinal0 [0x00862E45+536133]&#10;	Ordinal0 [0x008627A5+534437]&#10;	Ordinal0 [0x0085F06C+520300]&#10;	Ordinal0 [0x00862754+534356]&#10;	Ordinal0 [0x008625BF+533951]&#10;	Ordinal0 [0x008623D3+533459]&#10;	Ordinal0 [0x00870620+591392]&#10;	Ordinal0 [0x00812A0C+207372]&#10;	Ordinal0 [0x00811D0D+204045]&#10;	Ordinal0 [0x0080FC1B+195611]&#10;	Ordinal0 [0x007F3B7F+80767]&#10;	Ordinal0 [0x007F4B4E+84814]&#10;	Ordinal0 [0x007F4AD9+84697]&#10;	Ordinal0 [0x009ECE64+2149988]&#10;	GetHandleVerifier [0x00C5BE95+1400773]&#10;	GetHandleVerifier [0x00C5BB61+1399953]&#10;	GetHandleVerifier [0x00C631FA+1430314]&#10;	GetHandleVerifier [0x00C5C69F+1402831]&#10;	Ordinal0 [0x009E3D61+2112865]&#10;	Ordinal0 [0x009EE5CB+2155979]&#10;	Ordinal0 [0x009EE6F5+2156277]&#10;	Ordinal0 [0x009FF26E+2224750]&#10;	BaseThreadInitThunk [0x74FD6359+25]&#10;	RtlGetAppContainerNamedObjectPath [0x76F47C24+228]&#10;	RtlGetAppContainerNamedObjectPath [0x76F47BF4+180]&#10;"/>
  </testcase>
  <testcase name="addCust" classname="com.hawk895.testcases.AddCustomer" time="0">
    <skipped message="session not created&#10;from timeout: Timed out receiving message from renderer: 600.000&#10;  (Session info: chrome=86.0.4240.193)&#10;Build info: version: &apos;3.141.59&apos;, revision: &apos;e82be7d358&apos;, time: &apos;2018-11-14T08:17:03&apos;&#10;System info: host: &apos;DESKTOP-GOGGDHJ&apos;, ip: &apos;192.168.0.102&apos;, os.name: &apos;Windows 10&apos;, os.arch: &apos;amd64&apos;, os.version: &apos;10.0&apos;, java.version: &apos;1.8.0_201&apos;&#10;Driver info: driver.version: ChromeDriver&#10;remote stacktrace: Backtrace:&#10;	Ordinal0 [0x00AEC013+3194899]&#10;	Ordinal0 [0x009D6021+2056225]&#10;	Ordinal0 [0x0086F608+587272]&#10;	Ordinal0 [0x008636EC+538348]&#10;	Ordinal0 [0x00862A6F+535151]&#10;	Ordinal0 [0x00862E45+536133]&#10;	Ordinal0 [0x008627A5+534437]&#10;	Ordinal0 [0x0086BBC9+572361]&#10;	Ordinal0 [0x00862754+534356]&#10;	Ordinal0 [0x00863475+537717]&#10;	Ordinal0 [0x00862A6F+535151]&#10;	Ordinal0 [0x00862E45+536133]&#10;	Ordinal0 [0x008627A5+534437]&#10;	Ordinal0 [0x00869EFE+564990]&#10;	Ordinal0 [0x00862754+534356]&#10;	Ordinal0 [0x00863475+537717]&#10;	Ordinal0 [0x00862A6F+535151]&#10;	Ordinal0 [0x00862E45+536133]&#10;	Ordinal0 [0x008627A5+534437]&#10;	Ordinal0 [0x00868186+557446]&#10;	Ordinal0 [0x00862754+534356]&#10;	Ordinal0 [0x00863475+537717]&#10;	Ordinal0 [0x00862A6F+535151]&#10;	Ordinal0 [0x00862E45+536133]&#10;	Ordinal0 [0x008627A5+534437]&#10;	Ordinal0 [0x008674A7+554151]&#10;	Ordinal0 [0x00862754+534356]&#10;	Ordinal0 [0x00863475+537717]&#10;	Ordinal0 [0x00862A6F+535151]&#10;	Ordinal0 [0x00862E45+536133]&#10;	Ordinal0 [0x008627A5+534437]&#10;	Ordinal0 [0x0085F06C+520300]&#10;	Ordinal0 [0x00862754+534356]&#10;	Ordinal0 [0x008625BF+533951]&#10;	Ordinal0 [0x008623D3+533459]&#10;	Ordinal0 [0x00870620+591392]&#10;	Ordinal0 [0x00812A0C+207372]&#10;	Ordinal0 [0x00811D0D+204045]&#10;	Ordinal0 [0x0080FC1B+195611]&#10;	Ordinal0 [0x007F3B7F+80767]&#10;	Ordinal0 [0x007F4B4E+84814]&#10;	Ordinal0 [0x007F4AD9+84697]&#10;	Ordinal0 [0x009ECE64+2149988]&#10;	GetHandleVerifier [0x00C5BE95+1400773]&#10;	GetHandleVerifier [0x00C5BB61+1399953]&#10;	GetHandleVerifier [0x00C631FA+1430314]&#10;	GetHandleVerifier [0x00C5C69F+1402831]&#10;	Ordinal0 [0x009E3D61+2112865]&#10;	Ordinal0 [0x009EE5CB+2155979]&#10;	Ordinal0 [0x009EE6F5+2156277]&#10;	Ordinal0 [0x009FF26E+2224750]&#10;	BaseThreadInitThunk [0x74FD6359+25]&#10;	RtlGetAppContainerNamedObjectPath [0x76F47C24+228]&#10;	RtlGetAppContainerNamedObjectPath [0x76F47BF4+180]&#10;"/>
  </testcase>
  <testcase name="tearDown" classname="com.hawk895.testcases.AddCustomer" time="0">
    <skipped/>
  </testcase>
</testsuite>