<?xml version="1.0" encoding="UTF-8"?>
<!-- Generated by org.testng.reporters.JUnitReportReporter -->
<testsuite skipped="0" hostname="DESKTOP-GOGGDHJ" name="com.hawk895.testcases.AddCustomer" tests="3" failures="0" timestamp="16 Nov 2020 10:10:31 GMT" time="3.410" errors="0">
  <testcase name="addCust" time="1.167" classname="com.hawk895.testcases.AddCustomer"/>
  <testcase name="addCust" time="0.744" classname="com.hawk895.testcases.AddCustomer"/>
  <testcase name="addCust" time="1.499" classname="com.hawk895.testcases.AddCustomer"/>
</testsuite> <!-- com.hawk895.testcases.AddCustomer -->
