<?xml version="1.0" encoding="UTF-8"?>
<!-- Generated by org.testng.reporters.JUnitReportReporter -->
<testsuite skipped="0" hostname="DESKTOP-GOGGDHJ" name="com.hawk895.testcases.LoginTest" tests="1" failures="0" timestamp="16 Nov 2020 10:10:31 GMT" time="1.164" errors="0">
  <testcase name="LoginAsBm" time="1.164" classname="com.hawk895.testcases.LoginTest"/>
</testsuite> <!-- com.hawk895.testcases.LoginTest -->
