<?xml version="1.0" encoding="UTF-8"?>
<!-- Generated by org.testng.reporters.JUnitReportReporter -->
<testsuite skipped="1" hostname="DESKTOP-GOGGDHJ" name="com.hawk895.testcases.LoginTest" tests="1" failures="0" timestamp="2020-11-16T23:50:01 IST" time="0.000" errors="0">
  <testcase name="LoginAsBm" time="0.000" classname="com.hawk895.testcases.LoginTest">
    <skipped/>
  </testcase> <!-- LoginAsBm -->
  <system-out/>
</testsuite> <!-- com.hawk895.testcases.LoginTest -->
